<?xml version="1.0" encoding="UTF-8"?>
<coverage generated="1573157486918" clover="3.2.0">
  <project timestamp="1573157486918" name="All files">
    <metrics statements="14" coveredstatements="10" conditionals="2" coveredconditionals="0" methods="5" coveredmethods="5" elements="21" coveredelements="15" complexity="0" loc="14" ncloc="14" packages="1" files="3" classes="3"/>
    <file name="itinerary.js" path="/Users/jennyardrey/Projects/cruise-ships/src/itinerary.js">
      <metrics statements="2" coveredstatements="2" conditionals="0" coveredconditionals="0" methods="1" coveredmethods="1"/>
      <line num="3" count="5" type="stmt"/>
      <line num="7" count="2" type="stmt"/>
    </file>
    <file name="port.js" path="/Users/jennyardrey/Projects/cruise-ships/src/port.js">
      <metrics statements="2" coveredstatements="2" conditionals="0" coveredconditionals="0" methods="1" coveredmethods="1"/>
      <line num="3" count="10" type="stmt"/>
      <line num="7" count="3" type="stmt"/>
    </file>
    <file name="ship.js" path="/Users/jennyardrey/Projects/cruise-ships/src/ship.js">
      <metrics statements="10" coveredstatements="6" conditionals="2" coveredconditionals="0" methods="3" coveredmethods="3"/>
      <line num="4" count="3" type="stmt"/>
      <line num="12" count="2" type="stmt"/>
      <line num="13" count="2" type="stmt"/>
      <line num="17" count="1" type="stmt"/>
      <line num="18" count="1" type="stmt"/>
      <line num="19" count="0" type="stmt"/>
      <line num="21" count="0" type="stmt"/>
      <line num="22" count="0" type="cond" truecount="0" falsecount="2"/>
      <line num="23" count="0" type="stmt"/>
      <line num="28" count="1" type="stmt"/>
    </file>
  </project>
</coverage>
