{"/Users/jennyardrey/Projects/cruise-ships/src/itinerary.js": {"path":"/Users/jennyardrey/Projects/cruise-ships/src/itinerary.js","statementMap":{"0":{"start":{"line":3,"column":2},"end":{"line":3,"column":20}},"1":{"start":{"line":7,"column":0},"end":{"line":7,"column":27}}},"fnMap":{"0":{"name":"(anonymous_0)","decl":{"start":{"line":2,"column":1},"end":{"line":2,"column":2}},"loc":{"start":{"line":2,"column":20},"end":{"line":4,"column":2}},"line":2}},"branchMap":{},"s":{"0":5,"1":2},"f":{"0":5},"b":{},"_coverageSchema":"43e27e138ebf9cfc5966b082cf9a028302ed4184","hash":"a18c73839984dd0afa3a1d1fb0fc65dbe44bf8d6"}
,"/Users/jennyardrey/Projects/cruise-ships/src/port.js": {"path":"/Users/jennyardrey/Projects/cruise-ships/src/port.js","statementMap":{"0":{"start":{"line":3,"column":2},"end":{"line":3,"column":19}},"1":{"start":{"line":7,"column":0},"end":{"line":7,"column":22}}},"fnMap":{"0":{"name":"(anonymous_0)","decl":{"start":{"line":2,"column":1},"end":{"line":2,"column":2}},"loc":{"start":{"line":2,"column":19},"end":{"line":4,"column":2}},"line":2}},"branchMap":{},"s":{"0":10,"1":3},"f":{"0":10},"b":{},"_coverageSchema":"43e27e138ebf9cfc5966b082cf9a028302ed4184","hash":"149467257684ce46157cc34940953a692924c652"}
,"/Users/jennyardrey/Projects/cruise-ships/src/ship.js": {"path":"/Users/jennyardrey/Projects/cruise-ships/src/ship.js","statementMap":{"0":{"start":{"line":4,"column":2},"end":{"line":7,"column":26}},"1":{"start":{"line":12,"column":2},"end":{"line":12,"column":39}},"2":{"start":{"line":13,"column":2},"end":{"line":13,"column":26}},"3":{"start":{"line":17,"column":20},"end":{"line":17,"column":34}},"4":{"start":{"line":18,"column":24},"end":{"line":18,"column":66}},"5":{"start":{"line":19,"column":2},"end":{"line":19,"column":28}},"6":{"start":{"line":21,"column":2},"end":{"line":21,"column":56}},"7":{"start":{"line":22,"column":2},"end":{"line":24,"column":3}},"8":{"start":{"line":23,"column":3},"end":{"line":23,"column":51}},"9":{"start":{"line":28,"column":0},"end":{"line":28,"column":22}}},"fnMap":{"0":{"name":"(anonymous_0)","decl":{"start":{"line":3,"column":1},"end":{"line":3,"column":2}},"loc":{"start":{"line":3,"column":30},"end":{"line":9,"column":2}},"line":3},"1":{"name":"(anonymous_1)","decl":{"start":{"line":11,"column":1},"end":{"line":11,"column":2}},"loc":{"start":{"line":11,"column":11},"end":{"line":14,"column":2}},"line":11},"2":{"name":"(anonymous_2)","decl":{"start":{"line":16,"column":1},"end":{"line":16,"column":2}},"loc":{"start":{"line":16,"column":7},"end":{"line":25,"column":2}},"line":16}},"branchMap":{"0":{"loc":{"start":{"line":22,"column":2},"end":{"line":24,"column":3}},"type":"if","locations":[{"start":{"line":22,"column":2},"end":{"line":24,"column":3}},{"start":{"line":22,"column":2},"end":{"line":24,"column":3}}],"line":22}},"s":{"0":3,"1":2,"2":2,"3":1,"4":1,"5":0,"6":0,"7":0,"8":0,"9":1},"f":{"0":3,"1":2,"2":1},"b":{"0":[0,0]},"_coverageSchema":"43e27e138ebf9cfc5966b082cf9a028302ed4184","hash":"6c6f874e05549df2907d8b8eb47db117a3b1626e"}
}
